  BlockGame.cpp
C:\Users\duals\OneDrive\바탕 화면\cooding\ten by ten\TenByTen\TenByTen\BlockGame.cpp(465,8): error C2011: 'Ranking': 'struct' 형식 재정의
      C:\Users\duals\OneDrive\바탕 화면\cooding\ten by ten\TenByTen\TenByTen\BlockGame.h(15,8):
      'Ranking' 선언을 참조하십시오.
  
C:\Users\duals\OneDrive\바탕 화면\cooding\ten by ten\TenByTen\TenByTen\BlockGame.cpp(474,13): error C2079: 'r'은(는) 정의되지 않은 struct 'Ranking'을(를) 사용합니다.
C:\Users\duals\OneDrive\바탕 화면\cooding\ten by ten\TenByTen\TenByTen\BlockGame.cpp(476,18): error C2665: 'std::vector<Ranking,std::allocator<Ranking>>::push_back': 모든 인수 형식을 변환할 수 있는 오버로드된 함수가 없습니다.
      C:\Program Files\Microsoft Visual Studio\2022\Community\VC\Tools\MSVC\14.43.34808\include\vector(921,23):
      'void std::vector<Ranking,std::allocator<Ranking>>::push_back(_Ty &&)'일 수 있습니다.
          with
          [
              _Ty=Ranking
          ]
          C:\Users\duals\OneDrive\바탕 화면\cooding\ten by ten\TenByTen\TenByTen\BlockGame.cpp(476,18):
          'void std::vector<Ranking,std::allocator<Ranking>>::push_back(_Ty &&)': 인수 1을(를) 'int'에서 '_Ty &&'(으)로 변환할 수 없습니다.
          with
          [
              _Ty=Ranking
          ]
              C:\Users\duals\OneDrive\바탕 화면\cooding\ten by ten\TenByTen\TenByTen\BlockGame.cpp(476,28):
              원인: 'int'에서 '_Ty'(으)로 변환할 수 없습니다.
          with
          [
              _Ty=Ranking
          ]
              C:\Users\duals\OneDrive\바탕 화면\cooding\ten by ten\TenByTen\TenByTen\BlockGame.cpp(476,28):
              정의되지 않은 형식 'Ranking'을(를) 사용했습니다.
              C:\Users\duals\OneDrive\바탕 화면\cooding\ten by ten\TenByTen\TenByTen\BlockGame.h(15,8):
              'Ranking' 선언을 참조하십시오.
      C:\Program Files\Microsoft Visual Studio\2022\Community\VC\Tools\MSVC\14.43.34808\include\vector(917,23):
      또는       'void std::vector<Ranking,std::allocator<Ranking>>::push_back(const _Ty &)'
          with
          [
              _Ty=Ranking
          ]
          C:\Users\duals\OneDrive\바탕 화면\cooding\ten by ten\TenByTen\TenByTen\BlockGame.cpp(476,18):
          'void std::vector<Ranking,std::allocator<Ranking>>::push_back(const _Ty &)': 인수 1을(를) 'int'에서 'const _Ty &'(으)로 변환할 수 없습니다.
          with
          [
              _Ty=Ranking
          ]
              C:\Users\duals\OneDrive\바탕 화면\cooding\ten by ten\TenByTen\TenByTen\BlockGame.cpp(476,28):
              원인: 'int'에서 'const _Ty'(으)로 변환할 수 없습니다.
          with
          [
              _Ty=Ranking
          ]
              C:\Users\duals\OneDrive\바탕 화면\cooding\ten by ten\TenByTen\TenByTen\BlockGame.cpp(476,28):
              정의되지 않은 형식 'Ranking'을(를) 사용했습니다.
              C:\Users\duals\OneDrive\바탕 화면\cooding\ten by ten\TenByTen\TenByTen\BlockGame.h(15,8):
              'Ranking' 선언을 참조하십시오.
      C:\Users\duals\OneDrive\바탕 화면\cooding\ten by ten\TenByTen\TenByTen\BlockGame.cpp(476,18):
      인수 목록 '(int)'을(를) 일치시키는 동안
  
C:\Users\duals\OneDrive\바탕 화면\cooding\ten by ten\TenByTen\TenByTen\BlockGame.cpp(482,27): error C2027: 정의되지 않은 형식 'Ranking'을(를) 사용했습니다.
      C:\Users\duals\OneDrive\바탕 화면\cooding\ten by ten\TenByTen\TenByTen\BlockGame.h(15,8):
      'Ranking' 선언을 참조하십시오.
  
C:\Users\duals\OneDrive\바탕 화면\cooding\ten by ten\TenByTen\TenByTen\BlockGame.cpp(482,51): error C2027: 정의되지 않은 형식 'Ranking'을(를) 사용했습니다.
      C:\Users\duals\OneDrive\바탕 화면\cooding\ten by ten\TenByTen\TenByTen\BlockGame.h(15,8):
      'Ranking' 선언을 참조하십시오.
  
C:\Users\duals\OneDrive\바탕 화면\cooding\ten by ten\TenByTen\TenByTen\BlockGame.cpp(483,25): error C2079: 'temp'은(는) 정의되지 않은 struct 'Ranking'을(를) 사용합니다.
C:\Users\duals\OneDrive\바탕 화면\cooding\ten by ten\TenByTen\TenByTen\BlockGame.cpp(483,30): error C2027: 정의되지 않은 형식 'Ranking'을(를) 사용했습니다.
      C:\Users\duals\OneDrive\바탕 화면\cooding\ten by ten\TenByTen\TenByTen\BlockGame.h(15,8):
      'Ranking' 선언을 참조하십시오.
  
C:\Users\duals\OneDrive\바탕 화면\cooding\ten by ten\TenByTen\TenByTen\BlockGame.cpp(485,31): error C2679: 이항 '=': 오른쪽 피연산자로 'int' 형식을 사용하는 연산자가 없거나 허용되는 변환이 없습니다.
      C:\Users\duals\OneDrive\바탕 화면\cooding\ten by ten\TenByTen\TenByTen\BlockGame.h(18,1):
      'Ranking &Ranking::operator =(Ranking &&)'일 수 있습니다.
          C:\Users\duals\OneDrive\바탕 화면\cooding\ten by ten\TenByTen\TenByTen\BlockGame.cpp(485,31):
          'Ranking &Ranking::operator =(Ranking &&)': 인수 2을(를) 'int'에서 'Ranking &&'(으)로 변환할 수 없습니다.
              C:\Users\duals\OneDrive\바탕 화면\cooding\ten by ten\TenByTen\TenByTen\BlockGame.cpp(485,35):
              원인: 'int'에서 'Ranking'(으)로 변환할 수 없습니다.
              C:\Users\duals\OneDrive\바탕 화면\cooding\ten by ten\TenByTen\TenByTen\BlockGame.cpp(485,35):
              정의되지 않은 형식 'Ranking'을(를) 사용했습니다.
              C:\Users\duals\OneDrive\바탕 화면\cooding\ten by ten\TenByTen\TenByTen\BlockGame.h(15,8):
              'Ranking' 선언을 참조하십시오.
      C:\Users\duals\OneDrive\바탕 화면\cooding\ten by ten\TenByTen\TenByTen\BlockGame.h(18,1):
      또는       'Ranking &Ranking::operator =(const Ranking &)'
          C:\Users\duals\OneDrive\바탕 화면\cooding\ten by ten\TenByTen\TenByTen\BlockGame.cpp(485,31):
          'Ranking &Ranking::operator =(const Ranking &)': 인수 2을(를) 'int'에서 'const Ranking &'(으)로 변환할 수 없습니다.
              C:\Users\duals\OneDrive\바탕 화면\cooding\ten by ten\TenByTen\TenByTen\BlockGame.cpp(485,35):
              원인: 'int'에서 'const Ranking'(으)로 변환할 수 없습니다.
              C:\Users\duals\OneDrive\바탕 화면\cooding\ten by ten\TenByTen\TenByTen\BlockGame.cpp(485,35):
              정의되지 않은 형식 'Ranking'을(를) 사용했습니다.
              C:\Users\duals\OneDrive\바탕 화면\cooding\ten by ten\TenByTen\TenByTen\BlockGame.h(15,8):
              'Ranking' 선언을 참조하십시오.
      C:\Users\duals\OneDrive\바탕 화면\cooding\ten by ten\TenByTen\TenByTen\BlockGame.cpp(485,31):
      인수 목록 '(_Ty, int)'을(를) 일치시키는 동안
          with
          [
              _Ty=Ranking
          ]
  
C:\Users\duals\OneDrive\바탕 화면\cooding\ten by ten\TenByTen\TenByTen\BlockGame.cpp(491,47): error C2027: 정의되지 않은 형식 'Ranking'을(를) 사용했습니다.
      C:\Users\duals\OneDrive\바탕 화면\cooding\ten by ten\TenByTen\TenByTen\BlockGame.h(15,8):
      'Ranking' 선언을 참조하십시오.
  
C:\Users\duals\OneDrive\바탕 화면\cooding\ten by ten\TenByTen\TenByTen\BlockGame.cpp(491,76): error C2027: 정의되지 않은 형식 'Ranking'을(를) 사용했습니다.
      C:\Users\duals\OneDrive\바탕 화면\cooding\ten by ten\TenByTen\TenByTen\BlockGame.h(15,8):
      'Ranking' 선언을 참조하십시오.
  
  Board.cpp
  GameUtil.cpp
  main.cpp
C:\Users\duals\OneDrive\바탕 화면\cooding\ten by ten\TenByTen\TenByTen\main.cpp(87,25): error C2065: 'cout': 선언되지 않은 식별자입니다.
C:\Users\duals\OneDrive\바탕 화면\cooding\ten by ten\TenByTen\TenByTen\main.cpp(89,25): error C2065: 'cin': 선언되지 않은 식별자입니다.
  코드를 생성하고 있습니다...
